C:\Program Files\Microsoft Visual Studio\2022\Community\MSBuild\Microsoft\VC\v170\Microsoft.CppBuild.targets(531,5): warning MSB8028: The intermediate directory (x64\Debug\) contains files shared from another project (ThomasWasAlone.vcxproj).  This can lead to incorrect clean and rebuild behavior.
  DetectCollisions.cpp
C:\Users\Sumanth's Jarvis\Documents\GitHub\Gurrala-work\GameProg1\ThomasWasAlone\DetectCollisions.cpp(12,16): warning C4244: '=': conversion from 'const int' to 'T', possible loss of data
          with
          [
              T=float
          ]
C:\Users\Sumanth's Jarvis\Documents\GitHub\Gurrala-work\GameProg1\ThomasWasAlone\DetectCollisions.cpp(13,17): warning C4244: '=': conversion from 'const int' to 'T', possible loss of data
          with
          [
              T=float
          ]
C:\Users\Sumanth's Jarvis\Documents\GitHub\Gurrala-work\GameProg1\ThomasWasAlone\DetectCollisions.cpp(33,81): warning C4244: 'argument': conversion from 'int' to 'T', possible loss of data
          with
          [
              T=float
          ]
C:\Users\Sumanth's Jarvis\Documents\GitHub\Gurrala-work\GameProg1\ThomasWasAlone\DetectCollisions.cpp(33,46): warning C4244: 'argument': conversion from 'int' to 'T', possible loss of data
          with
          [
              T=float
          ]
C:\Users\Sumanth's Jarvis\Documents\GitHub\Gurrala-work\GameProg1\ThomasWasAlone\DetectCollisions.cpp(37,44): warning C4244: 'argument': conversion from 'const int' to 'float', possible loss of data
C:\Users\Sumanth's Jarvis\Documents\GitHub\Gurrala-work\GameProg1\ThomasWasAlone\DetectCollisions.cpp(45,19): warning C4244: '=': conversion from 'int' to 'T', possible loss of data
          with
          [
              T=float
          ]
C:\Users\Sumanth's Jarvis\Documents\GitHub\Gurrala-work\GameProg1\ThomasWasAlone\DetectCollisions.cpp(46,18): warning C4244: '=': conversion from 'int' to 'T', possible loss of data
          with
          [
              T=float
          ]
C:\Users\Sumanth's Jarvis\Documents\GitHub\Gurrala-work\GameProg1\ThomasWasAlone\DetectCollisions.cpp(54,47): warning C4244: 'argument': conversion from 'const int' to 'float', possible loss of data
  Engine.cpp
C:\Users\Sumanth's Jarvis\Documents\GitHub\Gurrala-work\GameProg1\ThomasWasAlone\Engine.cpp(12,44): warning C4244: '=': conversion from 'unsigned int' to 'T', possible loss of data
          with
          [
              T=float
          ]
C:\Users\Sumanth's Jarvis\Documents\GitHub\Gurrala-work\GameProg1\ThomasWasAlone\Engine.cpp(13,44): warning C4244: '=': conversion from 'unsigned int' to 'T', possible loss of data
          with
          [
              T=float
          ]
C:\Users\Sumanth's Jarvis\Documents\GitHub\Gurrala-work\GameProg1\ThomasWasAlone\Engine.cpp(15,52): warning C4244: 'argument': conversion from 'T' to 'unsigned int', possible loss of data
          with
          [
              T=float
          ]
C:\Users\Sumanth's Jarvis\Documents\GitHub\Gurrala-work\GameProg1\ThomasWasAlone\Engine.cpp(15,38): warning C4244: 'argument': conversion from 'T' to 'unsigned int', possible loss of data
          with
          [
              T=float
          ]
  LoadLevel.cpp
C:\Users\Sumanth's Jarvis\Documents\GitHub\Gurrala-work\GameProg1\ThomasWasAlone\LoadLevel.cpp(37,39): warning C4244: 'argument': conversion from 'const int' to 'float', possible loss of data
C:\Users\Sumanth's Jarvis\Documents\GitHub\Gurrala-work\GameProg1\ThomasWasAlone\LoadLevel.cpp(38,36): warning C4244: 'argument': conversion from 'const int' to 'float', possible loss of data
C:\Users\Sumanth's Jarvis\Documents\GitHub\Gurrala-work\GameProg1\ThomasWasAlone\LoadLevel.cpp(41,39): warning C4244: 'argument': conversion from 'const int' to 'float', possible loss of data
C:\Users\Sumanth's Jarvis\Documents\GitHub\Gurrala-work\GameProg1\ThomasWasAlone\LoadLevel.cpp(42,39): warning C4244: 'argument': conversion from 'const int' to 'float', possible loss of data
C:\Users\Sumanth's Jarvis\Documents\GitHub\Gurrala-work\GameProg1\ThomasWasAlone\LoadLevel.cpp(45,36): warning C4244: 'argument': conversion from 'const int' to 'float', possible loss of data
C:\Users\Sumanth's Jarvis\Documents\GitHub\Gurrala-work\GameProg1\ThomasWasAlone\LoadLevel.cpp(46,39): warning C4244: 'argument': conversion from 'const int' to 'float', possible loss of data
C:\Users\Sumanth's Jarvis\Documents\GitHub\Gurrala-work\GameProg1\ThomasWasAlone\LoadLevel.cpp(49,36): warning C4244: 'argument': conversion from 'const int' to 'float', possible loss of data
C:\Users\Sumanth's Jarvis\Documents\GitHub\Gurrala-work\GameProg1\ThomasWasAlone\LoadLevel.cpp(50,39): warning C4244: 'argument': conversion from 'const int' to 'float', possible loss of data
C:\Users\Sumanth's Jarvis\Documents\GitHub\Gurrala-work\GameProg1\ThomasWasAlone\LoadLevel.cpp(53,36): warning C4244: 'argument': conversion from 'const int' to 'float', possible loss of data
C:\Users\Sumanth's Jarvis\Documents\GitHub\Gurrala-work\GameProg1\ThomasWasAlone\LoadLevel.cpp(54,39): warning C4244: 'argument': conversion from 'const int' to 'float', possible loss of data
  Main.cpp
  PlayingState.cpp
  PopulateEmitters.cpp
C:\Users\Sumanth's Jarvis\Documents\GitHub\Gurrala-work\GameProg1\ThomasWasAlone\PopulateEmitters.cpp(11,22): warning C4858: discarding return value: This member function returns a bool indicating whether the container is empty and has no other effects. It is not useful to call this member function and discard the return value. Use the 'clear()' member function if you want to erase all elements.
C:\Users\Sumanth's Jarvis\Documents\GitHub\Gurrala-work\GameProg1\ThomasWasAlone\PopulateEmitters.cpp(29,6): warning C4244: 'argument': conversion from 'const int' to 'T', possible loss of data
          with
          [
              T=float
          ]
C:\Users\Sumanth's Jarvis\Documents\GitHub\Gurrala-work\GameProg1\ThomasWasAlone\PopulateEmitters.cpp(28,6): warning C4244: 'argument': conversion from 'const int' to 'T', possible loss of data
          with
          [
              T=float
          ]
C:\Users\Sumanth's Jarvis\Documents\GitHub\Gurrala-work\GameProg1\ThomasWasAlone\PopulateEmitters.cpp(27,8): warning C4244: 'argument': conversion from 'int' to 'T', possible loss of data
          with
          [
              T=float
          ]
C:\Users\Sumanth's Jarvis\Documents\GitHub\Gurrala-work\GameProg1\ThomasWasAlone\PopulateEmitters.cpp(26,22): warning C4244: 'argument': conversion from 'int' to 'T', possible loss of data
          with
          [
              T=float
          ]
C:\Users\Sumanth's Jarvis\Documents\GitHub\Gurrala-work\GameProg1\ThomasWasAlone\PopulateEmitters.cpp(33,33): warning C4244: 'argument': conversion from 'int' to 'T', possible loss of data
          with
          [
              T=float
          ]
C:\Users\Sumanth's Jarvis\Documents\GitHub\Gurrala-work\GameProg1\ThomasWasAlone\PopulateEmitters.cpp(33,18): warning C4244: 'argument': conversion from 'int' to 'T', possible loss of data
          with
          [
              T=float
          ]
C:\Users\Sumanth's Jarvis\Documents\GitHub\Gurrala-work\GameProg1\ThomasWasAlone\PopulateEmitters.cpp(38,31): warning C4244: '=': conversion from 'int' to 'T', possible loss of data
          with
          [
              T=float
          ]
C:\Users\Sumanth's Jarvis\Documents\GitHub\Gurrala-work\GameProg1\ThomasWasAlone\PopulateEmitters.cpp(39,30): warning C4244: '=': conversion from 'int' to 'T', possible loss of data
          with
          [
              T=float
          ]
C:\Users\Sumanth's Jarvis\Documents\GitHub\Gurrala-work\GameProg1\ThomasWasAlone\PopulateEmitters.cpp(40,40): warning C4244: '=': conversion from 'int' to 'T', possible loss of data
          with
          [
              T=float
          ]
C:\Users\Sumanth's Jarvis\Documents\GitHub\Gurrala-work\GameProg1\ThomasWasAlone\PopulateEmitters.cpp(41,41): warning C4244: '=': conversion from 'int' to 'T', possible loss of data
          with
          [
              T=float
          ]
  Generating Code...
  ThomasWasAlone.vcxproj -> C:\Users\Sumanth's Jarvis\Documents\GitHub\Gurrala-work\GameProg1\x64\Debug\ThomasWasLate.exe
